E:\liberary\geckodriver.exe: error: Found argument '--websocket-port' which wasn't expected, or isn't valid in this context

USAGE:
    geckodriver.exe [FLAGS] [OPTIONS]

For more information try --help

E:\liberary\geckodriver.exe: error: Found argument '--websocket-port' which wasn't expected, or isn't valid in this context

USAGE:
    geckodriver.exe [FLAGS] [OPTIONS]

For more information try --help

E:\library\geckodriver.exe: error: Found argument '--websocket-port' which wasn't expected, or isn't valid in this context

USAGE:
    geckodriver.exe [FLAGS] [OPTIONS]

For more information try --help

E:\library\geckodriver.exe: error: Found argument '--websocket-port' which wasn't expected, or isn't valid in this context

USAGE:
    geckodriver.exe [FLAGS] [OPTIONS]

For more information try --help

E:\library\geckodriver.exe: error: Found argument '--websocket-port' which wasn't expected, or isn't valid in this context

USAGE:
    geckodriver.exe [FLAGS] [OPTIONS]

For more information try --help

E:\library\geckodriver.exe: error: Found argument '--websocket-port' which wasn't expected, or isn't valid in this context

USAGE:
    geckodriver.exe [FLAGS] [OPTIONS]

For more information try --help

E:\library\geckodriver: error: Found argument '--websocket-port' which wasn't expected, or isn't valid in this context

USAGE:
    geckodriver [FLAGS] [OPTIONS]

For more information try --help

E:\library\geckodriver.exe: error: Found argument '--websocket-port' which wasn't expected, or isn't valid in this context

USAGE:
    geckodriver.exe [FLAGS] [OPTIONS]

For more information try --help

error: Found argument '--websocket-port' which wasn't expected, or isn't valid in this context

USAGE:
    geckodriver.exe [FLAGS] [OPTIONS]

For more information try --help
error: Found argument '--websocket-port' which wasn't expected, or isn't valid in this context

USAGE:
    geckodriver.exe [FLAGS] [OPTIONS]

For more information try --help
error: Found argument '--websocket-port' which wasn't expected, or isn't valid in this context

USAGE:
    geckodriver.exe [FLAGS] [OPTIONS]

For more information try --help
error: Found argument '--websocket-port' which wasn't expected, or isn't valid in this context

USAGE:
    geckodriver.exe [FLAGS] [OPTIONS]

For more information try --help
error: Found argument '--websocket-port' which wasn't expected, or isn't valid in this context

USAGE:
    geckodriver.exe [FLAGS] [OPTIONS]

For more information try --help
error: Found argument '--websocket-port' which wasn't expected, or isn't valid in this context

USAGE:
    geckodriver.exe [FLAGS] [OPTIONS]

For more information try --help
error: Found argument '--websocket-port' which wasn't expected, or isn't valid in this context

USAGE:
    geckodriver.exe [FLAGS] [OPTIONS]

For more information try --help
error: Found argument '--websocket-port' which wasn't expected, or isn't valid in this context

USAGE:
    geckodriver.exe [FLAGS] [OPTIONS]

For more information try --help
E:\library\geckodriver.exe: error: Found argument '--websocket-port' which wasn't expected, or isn't valid in this context

USAGE:
    geckodriver.exe [FLAGS] [OPTIONS]

For more information try --help

E:\library\geckodriver.exe: error: Found argument '--websocket-port' which wasn't expected, or isn't valid in this context

USAGE:
    geckodriver.exe [FLAGS] [OPTIONS]

For more information try --help

E:\library\geckodriver: error: Found argument '--websocket-port' which wasn't expected, or isn't valid in this context

USAGE:
    geckodriver [FLAGS] [OPTIONS]

For more information try --help

1639477374148	geckodriver	INFO	Listening on 127.0.0.1:54015
1639477377049	mozrunner::runner	INFO	Running command: "C:\\Program Files\\Mozilla Firefox\\firefox.exe" "--marionette" "--remote-debugging-port" "54016" "-no-remote" "-profile" "C:\\Users\\User\\AppData\\Local\\Temp\\rust_mozprofileqBx1TQ"
1639477384419	Marionette	INFO	Marionette enabled
console.warn: SearchSettings: "get: No settings file exists, new profile?" (new NotFoundError("Could not open the file at C:\\Users\\User\\AppData\\Local\\Temp\\rust_mozprofileqBx1TQ\\search.json.mozlz4", (void 0)))
console.error: Region.jsm: "Error fetching region" (new Error("TIMEOUT", "resource://gre/modules/Region.jsm", 772))
console.error: Region.jsm: "Failed to fetch region" (new Error("TIMEOUT", "resource://gre/modules/Region.jsm", 419))
JavaScript error: resource://activity-stream/lib/ActivityStreamPrefs.jsm, line 27: NS_ERROR_ILLEGAL_VALUE: Component returned failure code: 0x80070057 (NS_ERROR_ILLEGAL_VALUE) [nsIPrefBranch.removeObserver]
console.warn: TopSitesFeed: Failed to fetch data from Contile server: NetworkError when attempting to fetch resource.
JavaScript error: resource://gre/modules/ExtensionSettingsStore.jsm, line 122: Error: The ExtensionSettingsStore was accessed before the initialize promise resolved.
[Parent 8352, IPC I/O Parent] WARNING: file /builds/worker/checkouts/gecko/ipc/chromium/src/base/process_util_win.cc:167
console.log: "RemoteSettingsWorker error: Error: Can't import when we've started shutting down."
JavaScript error: resource://gre/modules/JSONFile.jsm, line 186: Error: Data is not ready.
console.log: "RemoteSettingsWorker error: Error: Can't import when we've started shutting down."
console.log: "RemoteSettingsWorker error: Error: Can't import when we've started shutting down."
console.log: "RemoteSettingsWorker error: Error: Can't import when we've started shutting down."
console.error: "Could not load engine google@search.mozilla.org: [Exception... \"AddonManager is not initialized\"  nsresult: \"0xc1f30001 (NS_ERROR_NOT_INITIALIZED)\"  location: \"JS frame :: resource://gre/modules/AddonManager.jsm :: installBuiltinAddon :: line 2541\"  data: no]"
console.error: "Could not load engine amazondotcom@search.mozilla.org: [Exception... \"AddonManager is not initialized\"  nsresult: \"0xc1f30001 (NS_ERROR_NOT_INITIALIZED)\"  location: \"JS frame :: resource://gre/modules/AddonManager.jsm :: installBuiltinAddon :: line 2541\"  data: no]"
console.error: "Could not load engine wikipedia@search.mozilla.org: [Exception... \"AddonManager is not initialized\"  nsresult: \"0xc1f30001 (NS_ERROR_NOT_INITIALIZED)\"  location: \"JS frame :: resource://gre/modules/AddonManager.jsm :: installBuiltinAddon :: line 2541\"  data: no]"
console.error: "Could not load engine bing@search.mozilla.org: [Exception... \"AddonManager is not initialized\"  nsresult: \"0xc1f30001 (NS_ERROR_NOT_INITIALIZED)\"  location: \"JS frame :: resource://gre/modules/AddonManager.jsm :: installBuiltinAddon :: line 2541\"  data: no]"
console.error: "Could not load engine ddg@search.mozilla.org: [Exception... \"AddonManager is not initialized\"  nsresult: \"0xc1f30001 (NS_ERROR_NOT_INITIALIZED)\"  location: \"JS frame :: resource://gre/modules/AddonManager.jsm :: installBuiltinAddon :: line 2541\"  data: no]"
console.warn: SearchService: "_init: abandoning init due to shutting down"
JavaScript error: , line 0: uncaught exception: 2147500036
JavaScript error: , line 0: uncaught exception: 2147500036
JavaScript error: , line 0: uncaught exception: 2147500036
JavaScript error: , line 0: uncaught exception: 2147500036
JavaScript error: , line 0: uncaught exception: 2147500036
1639477758696	geckodriver	INFO	Listening on 127.0.0.1:54295
1639477760691	mozrunner::runner	INFO	Running command: "C:\\Program Files\\Mozilla Firefox\\firefox.exe" "--marionette" "--remote-debugging-port" "54296" "-no-remote" "-profile" "C:\\Users\\User\\AppData\\Local\\Temp\\rust_mozprofile3UAMXe"
1639477761134	Marionette	INFO	Marionette enabled
console.warn: SearchSettings: "get: No settings file exists, new profile?" (new NotFoundError("Could not open the file at C:\\Users\\User\\AppData\\Local\\Temp\\rust_mozprofile3UAMXe\\search.json.mozlz4", (void 0)))
DevTools listening on ws://localhost:54296/devtools/browser/b656584f-4a27-452f-a6d1-27ef0e058f53
1639477772608	Marionette	INFO	Listening on port 54301
1639477773547	RemoteAgent	WARN	TLS certificate errors will be ignored for this session
JavaScript warning: https://static.xx.fbcdn.net/rsrc.php/v3iX3c4/yW/l/en_GB/1K7DqLHIfTz.js?_nc_x=Ij3Wp8lg5Kz, line 20: WEBGL_debug_renderer_info is deprecated in Firefox and will be removed. Please use RENDERER.
1639477789734	Marionette	INFO	Stopped listening on port 54301
console.warn: TopSitesFeed: Failed to fetch data from Contile server: NetworkError when attempting to fetch resource.
1639477880791	geckodriver	INFO	Listening on 127.0.0.1:54452
1639477882791	mozrunner::runner	INFO	Running command: "C:\\Program Files\\Mozilla Firefox\\firefox.exe" "--marionette" "--remote-debugging-port" "54453" "-no-remote" "-profile" "C:\\Users\\User\\AppData\\Local\\Temp\\rust_mozprofileBfvAiB"
1639477883280	Marionette	INFO	Marionette enabled
console.warn: SearchSettings: "get: No settings file exists, new profile?" (new NotFoundError("Could not open the file at C:\\Users\\User\\AppData\\Local\\Temp\\rust_mozprofileBfvAiB\\search.json.mozlz4", (void 0)))
DevTools listening on ws://localhost:54453/devtools/browser/e89a51f9-a4b7-4d18-8f9d-0e699bcb56eb
1639477888599	Marionette	INFO	Listening on port 54458
1639477888819	RemoteAgent	WARN	TLS certificate errors will be ignored for this session
JavaScript warning: https://static.xx.fbcdn.net/rsrc.php/v3iX3c4/yW/l/en_GB/1K7DqLHIfTz.js?_nc_x=Ij3Wp8lg5Kz, line 20: WEBGL_debug_renderer_info is deprecated in Firefox and will be removed. Please use RENDERER.
1639477895622	Marionette	INFO	Stopped listening on port 54458
console.warn: TopSitesFeed: Failed to fetch data from Contile server: NetworkError when attempting to fetch resource.
1639478390944	geckodriver	INFO	Listening on 127.0.0.1:54678
1639478392977	mozrunner::runner	INFO	Running command: "C:\\Program Files\\Mozilla Firefox\\firefox.exe" "--marionette" "--remote-debugging-port" "54679" "-no-remote" "-profile" "C:\\Users\\User\\AppData\\Local\\Temp\\rust_mozprofileTXPHLh"
1639478393722	Marionette	INFO	Marionette enabled
console.warn: SearchSettings: "get: No settings file exists, new profile?" (new NotFoundError("Could not open the file at C:\\Users\\User\\AppData\\Local\\Temp\\rust_mozprofileTXPHLh\\search.json.mozlz4", (void 0)))
console.error: Region.jsm: "Error fetching region" (new AbortError("The operation was aborted. ", (void 0), 770))
console.error: Region.jsm: "Failed to fetch region" (new Error("NO_RESULT", "resource://gre/modules/Region.jsm", 419))
DevTools listening on ws://localhost:54679/devtools/browser/82426d3c-df7d-4a28-9733-99947cf504e8
1639478406766	Marionette	INFO	Listening on port 54684
1639478407320	RemoteAgent	WARN	TLS certificate errors will be ignored for this session
JavaScript warning: https://static.xx.fbcdn.net/rsrc.php/v3iX3c4/yW/l/en_GB/1K7DqLHIfTz.js?_nc_x=Ij3Wp8lg5Kz, line 20: WEBGL_debug_renderer_info is deprecated in Firefox and will be removed. Please use RENDERER.
console.log: WebExtensions: reset-default-search: starting.
console.log: WebExtensions: reset-default-search: No addons in our list are installed.
1639480266425	Marionette	INFO	Stopped listening on port 54684
9479135226	mozrunner::runner	INFO	Running command: "C:\\Program Files\\Mozilla Firefox\\firefox.exe" "--marionette" "--remote-debugging-port" "55014" "-no-remote" "-profile" "C:\\Users\\User\\AppData\\Local\\Temp\\rust_mozprofile9b91D0"
1639479137339	Marionette	INFO	Marionette enabled
console.warn: SearchSettings: "get: No settings file exists, new profile?" (new NotFoundError("Could not open the file at C:\\Users\\User\\AppData\\Local\\Temp\\rust_mozprofile9b91D0\\search.json.mozlz4", (void 0)))
console.error: Region.jsm: "Error fetching region" (new AbortError("The operation was aborted. ", (void 0), 770))
console.error: Region.jsm: "Failed to fetch region" (new Error("NO_RESULT", "resource://gre/modules/Region.jsm", 419))
DevTools listening on ws://localhost:55014/devtools/browser/650d58bc-e2a4-4767-afef-15504e717d1f
1639479149928	Marionette	INFO	Listening on port 55019
1639479150231	RemoteAgent	WARN	TLS certificate errors will be ignored for this session
JavaScript warning: https://static.xx.fbcdn.net/rsrc.php/v3iX3c4/yW/l/en_GB/1K7DqLHIfTz.js?_nc_x=Ij3Wp8lg5Kz, line 20: WEBGL_debug_renderer_info is deprecated in Firefox and will be removed. Please use RENDERER.
console.log: WebExtensions: reset-default-search: starting.
console.log: WebExtensions: reset-default-search: No addons in our list are installed.
1639480266425	Marionette	INFO	Stopped listening on port 55019

###!!! [Parent][MessageChannel] Error: (msgtype=0x140007,name=PBackgroundLSDatabase::Msg_RequestAllowToClose) Channel error: cannot send/recv


###!!! [Parent][MessageChannel] Error: (msgtype=0x58000D,name=PHttpBackgroundChannel::Msg___delete__) Channel error: cannot send/recv


###!!! [Child][MessageChannel] Error: (msgtype=0x5D0005,name=PImageBridge::Msg_WillClose) Channel error: cannot send/recv

1639554890759	geckodriver	INFO	Listening on 127.0.0.1:64269
1639554892518	mozrunner::runner	INFO	Running command: "C:\\Program Files\\Mozilla Firefox\\firefox.exe" "--marionette" "--remote-debugging-port" "64270" "-no-remote" "-profile" "C:\\Users\\User\\AppData\\Local\\Temp\\rust_mozprofileoqSOGd"
1639554904175	Marionette	INFO	Marionette enabled
console.warn: SearchSettings: "get: No settings file exists, new profile?" (new NotFoundError("Could not open the file at C:\\Users\\User\\AppData\\Local\\Temp\\rust_mozprofileoqSOGd\\search.json.mozlz4", (void 0)))
DevTools listening on ws://localhost:64270/devtools/browser/87ea44e4-60a3-4102-b0a9-cff369a002cd
1639554925386	Marionette	INFO	Listening on port 64275
1639554926245	RemoteAgent	WARN	TLS certificate errors will be ignored for this session
JavaScript warning: https://static.xx.fbcdn.net/rsrc.php/v3iX3c4/yW/l/en_GB/1K7DqLHIfTz.js?_nc_x=Ij3Wp8lg5Kz, line 20: WEBGL_debug_renderer_info is deprecated in Firefox and will be removed. Please use RENDERER.
console.log: WebExtensions: reset-default-search: starting.
console.log: WebExtensions: reset-default-search: No addons in our list are installed.
1639557464074	Marionette	INFO	Stopped listening on port 64275
9557205239	mozrunner::runner	INFO	Running command: "C:\\Program Files\\Mozilla Firefox\\firefox.exe" "--marionette" "--remote-debugging-port" "52825" "-no-remote" "-profile" "C:\\Users\\User\\AppData\\Local\\Temp\\rust_mozprofilec45VKF"
1639557208726	Marionette	INFO	Marionette enabled
console.warn: SearchSettings: "get: No settings file exists, new profile?" (new NotFoundError("Could not open the file at C:\\Users\\User\\AppData\\Local\\Temp\\rust_mozprofilec45VKF\\search.json.mozlz4", (void 0)))
DevTools listening on ws://localhost:52825/devtools/browser/53dd0ed1-f5b0-4fd5-a355-0c10fc3d9f6d
1639557217766	Marionette	INFO	Listening on port 52830
1639557217906	RemoteAgent	WARN	TLS certificate errors will be ignored for this session
1639557465399	Marionette	INFO	Stopped listening on port 52830
[Parent 3132, IPC I/O Parent] WARNING: file /builds/worker/checkouts/gecko/ipc/chromium/src/base/process_util_win.cc:167
ote-debugging-port" "53031" "-no-remote" "-profile" "C:\\Users\\User\\AppData\\Local\\Temp\\rust_mozprofileozC8ow"
1639557461239	Marionette	INFO	Marionette enabled
console.warn: SearchSettings: "get: No settings file exists, new profile?" (new NotFoundError("Could not open the file at C:\\Users\\User\\AppData\\Local\\Temp\\rust_mozprofileozC8ow\\search.json.mozlz4", (void 0)))
JavaScript error: resource://activity-stream/lib/ActivityStreamPrefs.jsm, line 27: NS_ERROR_ILLEGAL_VALUE: Component returned failure code: 0x80070057 (NS_ERROR_ILLEGAL_VALUE) [nsIPrefBranch.removeObserver]
console.error: Region.jsm: "Error fetching region" (new AbortError("The operation was aborted. ", (void 0), 770))
console.error: Region.jsm: "Failed to fetch region" (new Error("NO_RESULT", "resource://gre/modules/Region.jsm", 419))

###!!! [Child][MessageChannel] Error: (msgtype=0x39009B,name=PContent::Msg_InitBackground) Channel closing: too late to send/recv, messages will be lost

console.warn: TopSitesFeed: Failed to fetch data from Contile server: NetworkError when attempting to fetch resource.
JavaScript error: resource://activity-stream/lib/PlacesFeed.jsm, line 178: NS_ERROR_UNEXPECTED: Component returned failure code: 0x8000ffff (NS_ERROR_UNEXPECTED) [nsINavBookmarksService.addObserver]
JavaScript error: resource://gre/modules/JSONFile.jsm, line 138: AbortError: IOUtils.profileBeforeChange getter: IOUtils: profileBeforeChange phase has already finished
console.log: "RemoteSettingsWorker error: Error: Can't import when we've started shutting down."
JavaScript error: resource://gre/modules/JSONFile.jsm, line 186: Error: Data is not ready.
console.log: "RemoteSettingsWorker error: Error: Can't import when we've started shutting down."
console.log: "RemoteSettingsWorker error: Error: Can't import when we've started shutting down."
console.log: "RemoteSettingsWorker error: Error: Can't import when we've started shutting down."
console.log: "RemoteSettingsWorker error: Error: Can't import when we've started shutting down."
console.error: "Could not load engine google@search.mozilla.org: [Exception... \"AddonManager is not initialized\"  nsresult: \"0xc1f30001 (NS_ERROR_NOT_INITIALIZED)\"  location: \"JS frame :: resource://gre/modules/AddonManager.jsm :: installBuiltinAddon :: line 2541\"  data: no]"
console.error: "Could not load engine amazondotcom@search.mozilla.org: [Exception... \"AddonManager is not initialized\"  nsresult: \"0xc1f30001 (NS_ERROR_NOT_INITIALIZED)\"  location: \"JS frame :: resource://gre/modules/AddonManager.jsm :: installBuiltinAddon :: line 2541\"  data: no]"
console.error: "Could not load engine wikipedia@search.mozilla.org: [Exception... \"AddonManager is not initialized\"  nsresult: \"0xc1f30001 (NS_ERROR_NOT_INITIALIZED)\"  location: \"JS frame :: resource://gre/modules/AddonManager.jsm :: installBuiltinAddon :: line 2541\"  data: no]"
console.error: "Could not load engine bing@search.mozilla.org: [Exception... \"AddonManager is not initialized\"  nsresult: \"0xc1f30001 (NS_ERROR_NOT_INITIALIZED)\"  location: \"JS frame :: resource://gre/modules/AddonManager.jsm :: installBuiltinAddon :: line 2541\"  data: no]"
console.error: "Could not load engine ddg@search.mozilla.org: [Exception... \"AddonManager is not initialized\"  nsresult: \"0xc1f30001 (NS_ERROR_NOT_INITIALIZED)\"  location: \"JS frame :: resource://gre/modules/AddonManager.jsm :: installBuiltinAddon :: line 2541\"  data: no]"
console.warn: SearchService: "_init: abandoning init due to shutting down"
JavaScript error: , line 0: uncaught exception: 2147500036
JavaScript error: , line 0: uncaught exception: 2147500036
JavaScript error: , line 0: uncaught exception: 2147500036
JavaScript error: , line 0: uncaught exception: 2147500036
JavaScript error: , line 0: uncaught exception: 2147500036
1639557490534	geckodriver	INFO	Listening on 127.0.0.1:53120
1639557492526	mozrunner::runner	INFO	Running command: "C:\\Program Files\\Mozilla Firefox\\firefox.exe" "--marionette" "--remote-debugging-port" "53121" "-no-remote" "-profile" "C:\\Users\\User\\AppData\\Local\\Temp\\rust_mozprofile6S42KM"
1639557492986	Marionette	INFO	Marionette enabled
console.warn: SearchSettings: "get: No settings file exists, new profile?" (new NotFoundError("Could not open the file at C:\\Users\\User\\AppData\\Local\\Temp\\rust_mozprofile6S42KM\\search.json.mozlz4", (void 0)))
DevTools listening on ws://localhost:53121/devtools/browser/67d56352-5d68-4018-bb82-f8e0494c345d
1639557499687	Marionette	INFO	Listening on port 53128
1639557500163	RemoteAgent	WARN	TLS certificate errors will be ignored for this session
1639557509945	Marionette	INFO	Stopped listening on port 53128
!!! error running onStopped callback: TypeError: callback is not a function

###!!! [Child][RunMessage] Error: Channel closing: too late to send/recv, messages will be lost

JavaScript error: resource://gre/modules/UrlClassifierListManager.jsm, line 691: TypeError: this.tablesData[table] is undefined
1639558722673	geckodriver	INFO	Listening on 127.0.0.1:53853
1639558724663	mozrunner::runner	INFO	Running command: "C:\\Program Files\\Mozilla Firefox\\firefox.exe" "--marionette" "--remote-debugging-port" "53854" "-no-remote" "-profile" "C:\\Users\\User\\AppData\\Local\\Temp\\rust_mozprofileLcuniq"
1639558725482	Marionette	INFO	Marionette enabled
console.warn: SearchSettings: "get: No settings file exists, new profile?" (new NotFoundError("Could not open the file at C:\\Users\\User\\AppData\\Local\\Temp\\rust_mozprofileLcuniq\\search.json.mozlz4", (void 0)))
console.error: Region.jsm: "Error fetching region" (new AbortError("The operation was aborted. ", (void 0), 770))
console.error: Region.jsm: "Failed to fetch region" (new Error("NO_RESULT", "resource://gre/modules/Region.jsm", 419))
DevTools listening on ws://localhost:53854/devtools/browser/660549da-7ceb-492c-b6b8-59955a2819a5
1639558734949	Marionette	INFO	Listening on port 53859
1639558735123	RemoteAgent	WARN	TLS certificate errors will be ignored for this session
console.warn: LoginRecipes: "getRecipes: falling back to a synchronous message for:" "https://www.google.com"
console.log: WebExtensions: reset-default-search: starting.
console.log: WebExtensions: reset-default-search: No addons in our list are installed.
console.error: (new TypeError("this.nodeHierarchy[this.currentIndex] is undefined", "resource://devtools/client/inspector/breadcrumbs.js", 804))
console.error: (new TypeError("this.nodeHierarchy[this.currentIndex] is undefined", "resource://devtools/client/inspector/breadcrumbs.js", 804))
JavaScript warning: resource://devtools/client/shared/demangle.js, line 0: Successfully compiled asm.js code (total compilation time 186ms)
console.error: (new TypeError("this.node is null", "resource://devtools/client/inspector/fonts/fonts.js", 781))
TypeError: this.node is null: onNewNode@resource://devtools/client/inspector/fonts/fonts.js:781:7
_emit@resource://devtools/shared/event-emitter.js:244:34
emit@resource://devtools/shared/event-emitter.js:190:18
emit@resource://devtools/shared/event-emitter.js:342:18
setNodeFront@resource://devtools/client/framework/selection.js:204:10
_markContainerAsSelected@resource://devtools/client/inspector/markup/markup.js:2043:32
navigate@resource://devtools/client/inspector/markup/markup.js:1386:10
_onMouseDown@resource://devtools/client/inspector/markup/views/markup-container.js:555:17

console.error: (new TypeError("this.node is null", "resource://devtools/client/inspector/fonts/fonts.js", 781))
TypeError: this.node is null: onNewNode@resource://devtools/client/inspector/fonts/fonts.js:781:7
_emit@resource://devtools/shared/event-emitter.js:244:34
emit@resource://devtools/shared/event-emitter.js:190:18
emit@resource://devtools/shared/event-emitter.js:342:18
setNodeFront@resource://devtools/client/framework/selection.js:204:10
_markContainerAsSelected@resource://devtools/client/inspector/markup/markup.js:2043:32
navigate@resource://devtools/client/inspector/markup/markup.js:1386:10
Up@resource://devtools/client/inspector/markup/markup.js:164:18
_onShortcut@resource://devtools/client/inspector/markup/markup.js:1214:36
_initShortcuts/</<@resource://devtools/client/inspector/markup/markup.js:1201:39
_emit@resource://devtools/shared/event-emitter.js:244:34
emit@resource://devtools/shared/event-emitter.js:190:18
emit@resource://devtools/shared/event-emitter.js:342:18
handleEvent@resource://devtools/client/shared/key-shortcuts.js:282:27

console.error: (new TypeError("this.node is null", "resource://devtools/client/inspector/fonts/fonts.js", 781))
TypeError: this.node is null: onNewNode@resource://devtools/client/inspector/fonts/fonts.js:781:7
_emit@resource://devtools/shared/event-emitter.js:244:34
emit@resource://devtools/shared/event-emitter.js:190:18
emit@resource://devtools/shared/event-emitter.js:342:18
setNodeFront@resource://devtools/client/framework/selection.js:204:10
_markContainerAsSelected@resource://devtools/client/inspector/markup/markup.js:2043:32
navigate@resource://devtools/client/inspector/markup/markup.js:1386:10
Up@resource://devtools/client/inspector/markup/markup.js:164:18
_onShortcut@resource://devtools/client/inspector/markup/markup.js:1214:36
_initShortcuts/</<@resource://devtools/client/inspector/markup/markup.js:1201:39
_emit@resource://devtools/shared/event-emitter.js:244:34
emit@resource://devtools/shared/event-emitter.js:190:18
emit@resource://devtools/shared/event-emitter.js:342:18
handleEvent@resource://devtools/client/shared/key-shortcuts.js:282:27

console.error: (new TypeError("this.nodeHierarchy[this.currentIndex] is undefined", "resource://devtools/client/inspector/breadcrumbs.js", 804))
console.error: (new TypeError("this.nodeHierarchy[this.currentIndex] is undefined", "resource://devtools/client/inspector/breadcrumbs.js", 804))
console.error: (new TypeError("this.nodeHierarchy[this.currentIndex] is undefined", "resource://devtools/client/inspector/breadcrumbs.js", 804))
console.error: (new TypeError("this.nodeHierarchy[this.currentIndex] is undefined", "resource://devtools/client/inspector/breadcrumbs.js", 804))
console.error: (new TypeError("this.nodeHierarchy[this.currentIndex] is undefined", "resource://devtools/client/inspector/breadcrumbs.js", 804))
console.error: (new TypeError("this.nodeHierarchy[this.currentIndex] is undefined", "resource://devtools/client/inspector/breadcrumbs.js", 804))
console.error: (new TypeError("this.nodeHierarchy[this.currentIndex] is undefined", "resource://devtools/client/inspector/breadcrumbs.js", 804))
console.error: (new TypeError("this.node is null", "resource://devtools/client/inspector/fonts/fonts.js", 781))
TypeError: this.node is null: onNewNode@resource://devtools/client/inspector/fonts/fonts.js:781:7
_emit@resource://devtools/shared/event-emitter.js:244:34
emit@resource://devtools/shared/event-emitter.js:190:18
emit@resource://devtools/shared/event-emitter.js:342:18
setNodeFront@resource://devtools/client/framework/selection.js:204:10
_markContainerAsSelected@resource://devtools/client/inspector/markup/markup.js:2043:32
navigate@resource://devtools/client/inspector/markup/markup.js:1386:10
Down@resource://devtools/client/inspector/markup/markup.js:170:18
_onShortcut@resource://devtools/client/inspector/markup/markup.js:1214:36
_initShortcuts/</<@resource://devtools/client/inspector/markup/markup.js:1201:39
_emit@resource://devtools/shared/event-emitter.js:244:34
emit@resource://devtools/shared/event-emitter.js:190:18
emit@resource://devtools/shared/event-emitter.js:342:18
handleEvent@resource://devtools/client/shared/key-shortcuts.js:282:27

console.error: (new TypeError("this.node is null", "resource://devtools/client/inspector/fonts/fonts.js", 781))
TypeError: this.node is null: onNewNode@resource://devtools/client/inspector/fonts/fonts.js:781:7
_emit@resource://devtools/shared/event-emitter.js:244:34
emit@resource://devtools/shared/event-emitter.js:190:18
emit@resource://devtools/shared/event-emitter.js:342:18
setNodeFront@resource://devtools/client/framework/selection.js:204:10
_markContainerAsSelected@resource://devtools/client/inspector/markup/markup.js:2043:32
navigate@resource://devtools/client/inspector/markup/markup.js:1386:10
Up@resource://devtools/client/inspector/markup/markup.js:164:18
_onShortcut@resource://devtools/client/inspector/markup/markup.js:1214:36
_initShortcuts/</<@resource://devtools/client/inspector/markup/markup.js:1201:39
_emit@resource://devtools/shared/event-emitter.js:244:34
emit@resource://devtools/shared/event-emitter.js:190:18
emit@resource://devtools/shared/event-emitter.js:342:18
handleEvent@resource://devtools/client/shared/key-shortcuts.js:282:27

console.error: (new TypeError("this.node is null", "resource://devtools/client/inspector/fonts/fonts.js", 781))
TypeError: this.node is null: onNewNode@resource://devtools/client/inspector/fonts/fonts.js:781:7
_emit@resource://devtools/shared/event-emitter.js:244:34
emit@resource://devtools/shared/event-emitter.js:190:18
emit@resource://devtools/shared/event-emitter.js:342:18
setNodeFront@resource://devtools/client/framework/selection.js:204:10
_markContainerAsSelected@resource://devtools/client/inspector/markup/markup.js:2043:32
navigate@resource://devtools/client/inspector/markup/markup.js:1386:10
Up@resource://devtools/client/inspector/markup/markup.js:164:18
_onShortcut@resource://devtools/client/inspector/markup/markup.js:1214:36
_initShortcuts/</<@resource://devtools/client/inspector/markup/markup.js:1201:39
_emit@resource://devtools/shared/event-emitter.js:244:34
emit@resource://devtools/shared/event-emitter.js:190:18
emit@resource://devtools/shared/event-emitter.js:342:18
handleEvent@resource://devtools/client/shared/key-shortcuts.js:282:27

console.error: (new TypeError("this.node is null", "resource://devtools/client/inspector/fonts/fonts.js", 781))
TypeError: this.node is null: onNewNode@resource://devtools/client/inspector/fonts/fonts.js:781:7
_emit@resource://devtools/shared/event-emitter.js:244:34
emit@resource://devtools/shared/event-emitter.js:190:18
emit@resource://devtools/shared/event-emitter.js:342:18
setNodeFront@resource://devtools/client/framework/selection.js:204:10
_markContainerAsSelected@resource://devtools/client/inspector/markup/markup.js:2043:32
navigate@resource://devtools/client/inspector/markup/markup.js:1386:10
Up@resource://devtools/client/inspector/markup/markup.js:164:18
_onShortcut@resource://devtools/client/inspector/markup/markup.js:1214:36
_initShortcuts/</<@resource://devtools/client/inspector/markup/markup.js:1201:39
_emit@resource://devtools/shared/event-emitter.js:244:34
emit@resource://devtools/shared/event-emitter.js:190:18
emit@resource://devtools/shared/event-emitter.js:342:18
handleEvent@resource://devtools/client/shared/key-shortcuts.js:282:27

console.error: (new TypeError("this.node is null", "resource://devtools/client/inspector/fonts/fonts.js", 781))
TypeError: this.node is null: onNewNode@resource://devtools/client/inspector/fonts/fonts.js:781:7
_emit@resource://devtools/shared/event-emitter.js:244:34
emit@resource://devtools/shared/event-emitter.js:190:18
emit@resource://devtools/shared/event-emitter.js:342:18
setNodeFront@resource://devtools/client/framework/selection.js:204:10
_markContainerAsSelected@resource://devtools/client/inspector/markup/markup.js:2043:32
navigate@resource://devtools/client/inspector/markup/markup.js:1386:10
Down@resource://devtools/client/inspector/markup/markup.js:170:18
_onShortcut@resource://devtools/client/inspector/markup/markup.js:1214:36
_initShortcuts/</<@resource://devtools/client/inspector/markup/markup.js:1201:39
_emit@resource://devtools/shared/event-emitter.js:244:34
emit@resource://devtools/shared/event-emitter.js:190:18
emit@resource://devtools/shared/event-emitter.js:342:18
handleEvent@resource://devtools/client/shared/key-shortcuts.js:282:27

console.error: (new TypeError("this.nodeHierarchy[this.currentIndex] is undefined", "resource://devtools/client/inspector/breadcrumbs.js", 804))
console.error: (new TypeError("this.nodeHierarchy[this.currentIndex] is undefined", "resource://devtools/client/inspector/breadcrumbs.js", 804))
console.error: (new TypeError("this.node is null", "resource://devtools/client/inspector/fonts/fonts.js", 781))
TypeError: this.node is null: onNewNode@resource://devtools/client/inspector/fonts/fonts.js:781:7
_emit@resource://devtools/shared/event-emitter.js:244:34
emit@resource://devtools/shared/event-emitter.js:190:18
emit@resource://devtools/shared/event-emitter.js:342:18
setNodeFront@resource://devtools/client/framework/selection.js:204:10
_markContainerAsSelected@resource://devtools/client/inspector/markup/markup.js:2043:32
navigate@resource://devtools/client/inspector/markup/markup.js:1386:10
Up@resource://devtools/client/inspector/markup/markup.js:164:18
_onShortcut@resource://devtools/client/inspector/markup/markup.js:1214:36
_initShortcuts/</<@resource://devtools/client/inspector/markup/markup.js:1201:39
_emit@resource://devtools/shared/event-emitter.js:244:34
emit@resource://devtools/shared/event-emitter.js:190:18
emit@resource://devtools/shared/event-emitter.js:342:18
handleEvent@resource://devtools/client/shared/key-shortcuts.js:282:27

console.error: (new TypeError("this.node is null", "resource://devtools/client/inspector/fonts/fonts.js", 781))
TypeError: this.node is null: onNewNode@resource://devtools/client/inspector/fonts/fonts.js:781:7
_emit@resource://devtools/shared/event-emitter.js:244:34
emit@resource://devtools/shared/event-emitter.js:190:18
emit@resource://devtools/shared/event-emitter.js:342:18
setNodeFront@resource://devtools/client/framework/selection.js:204:10
_markContainerAsSelected@resource://devtools/client/inspector/markup/markup.js:2043:32
navigate@resource://devtools/client/inspector/markup/markup.js:1386:10
Up@resource://devtools/client/inspector/markup/markup.js:164:18
_onShortcut@resource://devtools/client/inspector/markup/markup.js:1214:36
_initShortcuts/</<@resource://devtools/client/inspector/markup/markup.js:1201:39
_emit@resource://devtools/shared/event-emitter.js:244:34
emit@resource://devtools/shared/event-emitter.js:190:18
emit@resource://devtools/shared/event-emitter.js:342:18
handleEvent@resource://devtools/client/shared/key-shortcuts.js:282:27

console.error: (new TypeError("this.nodeHierarchy[this.currentIndex] is undefined", "resource://devtools/client/inspector/breadcrumbs.js", 804))
console.error: (new TypeError("this.nodeHierarchy[this.currentIndex] is undefined", "resource://devtools/client/inspector/breadcrumbs.js", 804))
console.error: (new TypeError("this.nodeHierarchy[this.currentIndex] is undefined", "resource://devtools/client/inspector/breadcrumbs.js", 804))
console.error: (new TypeError("this.nodeHierarchy[this.currentIndex] is undefined", "resource://devtools/client/inspector/breadcrumbs.js", 804))
console.error: (new TypeError("this.nodeHierarchy[this.currentIndex] is undefined", "resource://devtools/client/inspector/breadcrumbs.js", 804))
console.error: (new TypeError("this.nodeHierarchy[this.currentIndex] is undefined", "resource://devtools/client/inspector/breadcrumbs.js", 804))
console.error: (new TypeError("this.nodeHierarchy[this.currentIndex] is undefined", "resource://devtools/client/inspector/breadcrumbs.js", 804))
console.error: (new TypeError("this.nodeHierarchy[this.currentIndex] is undefined", "resource://devtools/client/inspector/breadcrumbs.js", 804))
console.error: "Tried to call unwatchFronts for the 'accessibility' type on an already destroyed front 'windowGlobalTarget'."
console.error: "Tried to call unwatchFronts for the 'accessibility' type on an already destroyed front 'windowGlobalTarget'."
console.error: "Task cancelled"
console.error: "Tried to call unwatchFronts for the 'accessibility' type on an already destroyed front 'windowGlobalTarget'."
console.error: "Error while calling actor 'pagestyle's method 'getApplied'" "node is null"
console.error: (new TypeError("node is null", "resource://devtools/server/actors/page-style.js", 570))
console.error: "stylesheets: fetch failed for https://www.gstatic.com/og/_/ss/k=og.qtm.RjQNbcJY-V8.L.F4.O/m=qcwid/excm=qaaw,qadd,qaid,qein,qhaw,qhbr,qhch,qhga,qhid,qhin,qhpr/d=1/ed=1/ct=zgms/rs=AA2YrTvNs_AXZtrYBrDxuVKHAEqha2urGw, using system principal instead."
console.error: "Error while calling actor 'pagestyle's method 'getLayout'" "node is null"
console.error: (new Error("Protocol error (TypeError): node is null from: server0.conn0.windowGlobal2147483659/pagestyle49 (resource://devtools/server/actors/page-style.js:570:5)", "resource://devtools/shared/protocol/Front.js", 365))
console.error: (new TypeError("node is null", "resource://devtools/server/actors/page-style.js", 1001))
console.error: (new Error("Protocol error (TypeError): node is null from: server0.conn0.windowGlobal2147483659/pagestyle49 (resource://devtools/server/actors/page-style.js:1001:5)", "resource://devtools/shared/protocol/Front.js", 365))
console.warn: "Could not fetch the source for https://www.gstatic.com/og/_/ss/k=og.qtm.RjQNbcJY-V8.L.F4.O/m=qcwid/excm=qaaw,qadd,qaid,qein,qhaw,qhbr,qhch,qhga,qhid,qhin,qhpr/d=1/ed=1/ct=zgms/rs=AA2YrTvNs_AXZtrYBrDxuVKHAEqha2urGw, the editor was destroyed"
console.error: (new Error("Connection closed, pending request to server0.conn0.windowGlobal2147483659/styleSheetsActor4, type getText failed\n\nRequest stack:\nrequest@resource://devtools/shared/protocol/Front.js:292:14\ngenerateRequestMethods/</frontProto[name]@resource://devtools/shared/protocol/Front/FrontClassWithSpec.js:46:19\n_getSourceTextAndPrettify@resource://devtools/client/styleeditor/StyleSheetEditor.jsm:279:40\n", "resource://devtools/shared/protocol/Front.js", 106))
console.error: "Tried to call unwatchFronts for the 'accessibility' type on an already destroyed front 'windowGlobalTarget'."
console.error: "Tried to send a 'getText' method reply on an already destroyed actor 'stylesheets'"
console.warn: LoginRecipes: "getRecipes: falling back to a synchronous message for:" "https://www.google.com"
console.warn: LoginRecipes: "getRecipes: falling back to a synchronous message for:" "https://www.google.com"
console.error: (new TypeError("this.nodeHierarchy[this.currentIndex] is undefined", "resource://devtools/client/inspector/breadcrumbs.js", 804))
JavaScript error: chrome://global/content/elements/browser-custom-element.js, line 1609: Error: permitUnload is already running for this tab.
console.error: (new TypeError("browsingContext is null", "resource://devtools/server/actors/watcher/target-helpers/frame-helper.js", 178))
1639560289765	Marionette	INFO	Stopped listening on port 53859
JavaScript error: chrome://browser/content/browser.js, line 8026: uncaught exception: undefined
console.warn: TopSitesFeed: Failed to fetch data from Contile server: NetworkError when attempting to fetch resource.

###!!! [Parent][RunMessage] Error: Channel closing: too late to send/recv, messages will be lost


1639560142696	Marionette	INFO	Listening on port 54544
1639560143047	RemoteAgent	WARN	TLS certificate errors will be ignored for this session
1639560286657	Marionette	INFO	Stopped listening on port 54544
[Parent 3208, IPC I/O Parent] WARNING: file /builds/worker/checkouts/gecko/ipc/chromium/src/base/process_util_win.cc:167

###!!! [Child][MessageChannel] Error: (msgtype=0x5D0005,name=PImageBridge::Msg_WillClose) Channel error: cannot send/recv

8	Marionette	INFO	Marionette enabled
console.warn: SearchSettings: "get: No settings file exists, new profile?" (new NotFoundError("Could not open the file at C:\\Users\\User\\AppData\\Local\\Temp\\rust_mozprofileRaKWgG\\search.json.mozlz4", (void 0)))
console.error: Region.jsm: "Error fetching region" (new AbortError("The operation was aborted. ", (void 0), 770))
console.error: Region.jsm: "Failed to fetch region" (new Error("NO_RESULT", "resource://gre/modules/Region.jsm", 419))
DevTools listening on ws://localhost:54675/devtools/browser/ec0c8d4b-1b55-4dbc-b221-47e8514a18be
1639560236207	Marionette	INFO	Listening on port 54680
1639560237512	RemoteAgent	WARN	TLS certificate errors will be ignored for this session
1639560505396	Marionette	INFO	Stopped listening on port 54680
console.warn: TopSitesFeed: Failed to fetch data from Contile server: NetworkError when attempting to fetch resource.
[Parent 1652, IPC I/O Parent] WARNING: file /builds/worker/checkouts/gecko/ipc/chromium/src/base/process_util_win.cc:167
560314904	Marionette	INFO	Marionette enabled
console.warn: SearchSettings: "get: No settings file exists, new profile?" (new NotFoundError("Could not open the file at C:\\Users\\User\\AppData\\Local\\Temp\\rust_mozprofile7DcdCw\\search.json.mozlz4", (void 0)))
console.error: Region.jsm: "Error fetching region" (new AbortError("The operation was aborted. ", (void 0), 770))
console.error: Region.jsm: "Failed to fetch region" (new Error("NO_RESULT", "resource://gre/modules/Region.jsm", 419))
DevTools listening on ws://localhost:54818/devtools/browser/a0efe27a-9b92-41a8-a5be-5791300bc2ad
1639560333297	Marionette	INFO	Listening on port 54823
1639560333719	RemoteAgent	WARN	TLS certificate errors will be ignored for this session
1639560502974	Marionette	INFO	Stopped listening on port 54823
console.warn: TopSitesFeed: Failed to fetch data from Contile server: NetworkError when attempting to fetch resource.
1639560526779	geckodriver	INFO	Listening on 127.0.0.1:54995
1639560528775	mozrunner::runner	INFO	Running command: "C:\\Program Files\\Mozilla Firefox\\firefox.exe" "--marionette" "--remote-debugging-port" "54996" "-no-remote" "-profile" "C:\\Users\\User\\AppData\\Local\\Temp\\rust_mozprofileGqmr7E"
1639560529293	Marionette	INFO	Marionette enabled
console.warn: SearchSettings: "get: No settings file exists, new profile?" (new NotFoundError("Could not open the file at C:\\Users\\User\\AppData\\Local\\Temp\\rust_mozprofileGqmr7E\\search.json.mozlz4", (void 0)))
DevTools listening on ws://localhost:54996/devtools/browser/e0b3d960-237c-4f33-8ab4-8ed594152da8
1639560534959	Marionette	INFO	Listening on port 55001
1639560535309	RemoteAgent	WARN	TLS certificate errors will be ignored for this session
1639560619574	Marionette	INFO	Stopped listening on port 55001
console.warn: TopSitesFeed: Failed to fetch data from Contile server: NetworkError when attempting to fetch resource.
1639560623849	geckodriver	INFO	Listening on 127.0.0.1:55125
1639560625847	mozrunner::runner	INFO	Running command: "C:\\Program Files\\Mozilla Firefox\\firefox.exe" "--marionette" "--remote-debugging-port" "55126" "-no-remote" "-profile" "C:\\Users\\User\\AppData\\Local\\Temp\\rust_mozprofile80dBnj"
1639560626301	Marionette	INFO	Marionette enabled
console.warn: SearchSettings: "get: No settings file exists, new profile?" (new NotFoundError("Could not open the file at C:\\Users\\User\\AppData\\Local\\Temp\\rust_mozprofile80dBnj\\search.json.mozlz4", (void 0)))
DevTools listening on ws://localhost:55126/devtools/browser/d1884012-408b-4f9d-a367-c9f885ed9b49
1639560632901	Marionette	INFO	Listening on port 55131
1639560633034	RemoteAgent	WARN	TLS certificate errors will be ignored for this session
1639560683600	FirefoxAccounts	ERROR	FxA rejecting with error UNVERIFIED_ACCOUNT, details: undefined
1639560683600	FirefoxAccounts	ERROR	Background refresh of initial profile failed: Error: UNVERIFIED_ACCOUNT(resource://gre/modules/FxAccounts.jsm:1529:18) JS Stack trace: _error@FxAccounts.jsm:1529:18
withSessionToken@FxAccounts.jsm:788:18
console.info: "Skipping device list refresh; not signed in"
1639560683615	FirefoxAccounts	ERROR	FxA rejecting with error UNVERIFIED_ACCOUNT, details: undefined
1639560683615	FirefoxAccounts	ERROR	Background refresh of initial profile failed: Error: UNVERIFIED_ACCOUNT(resource://gre/modules/FxAccounts.jsm:1529:18) JS Stack trace: _error@FxAccounts.jsm:1529:18
withSessionToken@FxAccounts.jsm:788:18
1639560684940	FirefoxAccounts	ERROR	FxA rejecting with error UNVERIFIED_ACCOUNT, details: undefined
1639560684940	FirefoxAccounts	ERROR	Background refresh of initial profile failed: Error: UNVERIFIED_ACCOUNT(resource://gre/modules/FxAccounts.jsm:1529:18) JS Stack trace: _error@FxAccounts.jsm:1529:18
withSessionToken@FxAccounts.jsm:788:18
1639560684940	FirefoxAccounts	ERROR	FxA rejecting with error UNVERIFIED_ACCOUNT, details: undefined
1639560684941	FirefoxAccounts	ERROR	Background refresh of initial profile failed: Error: UNVERIFIED_ACCOUNT(resource://gre/modules/FxAccounts.jsm:1529:18) JS Stack trace: _error@FxAccounts.jsm:1529:18
withSessionToken@FxAccounts.jsm:788:18
1639560684941	FirefoxAccounts	ERROR	Background refresh of initial profile failed: Error: UNVERIFIED_ACCOUNT(resource://gre/modules/FxAccounts.jsm:1529:18) JS Stack trace: _error@FxAccounts.jsm:1529:18
withSessionToken@FxAccounts.jsm:788:18
console.info: "Skipping device list refresh; not signed in"
1639560827329	Marionette	INFO	Stopped listening on port 55131
console.warn: TopSitesFeed: Failed to fetch data from Contile server: NetworkError when attempting to fetch resource.
1639560833546	geckodriver	INFO	Listening on 127.0.0.1:55664
1639560835552	mozrunner::runner	INFO	Running command: "C:\\Program Files\\Mozilla Firefox\\firefox.exe" "--marionette" "--remote-debugging-port" "55665" "-no-remote" "-profile" "C:\\Users\\User\\AppData\\Local\\Temp\\rust_mozprofileA0IHEt"
1639560835998	Marionette	INFO	Marionette enabled
console.warn: SearchSettings: "get: No settings file exists, new profile?" (new NotFoundError("Could not open the file at C:\\Users\\User\\AppData\\Local\\Temp\\rust_mozprofileA0IHEt\\search.json.mozlz4", (void 0)))
DevTools listening on ws://localhost:55665/devtools/browser/2e6ba801-08c6-4e3c-92cf-f05cb7758dfc
1639560843062	Marionette	INFO	Listening on port 55670
1639560843201	RemoteAgent	WARN	TLS certificate errors will be ignored for this session
1639560983001	Marionette	INFO	Stopped listening on port 55670
console.warn: TopSitesFeed: Failed to fetch data from Contile server: NetworkError when attempting to fetch resource.
1639560986267	geckodriver	INFO	Listening on 127.0.0.1:55803
1639560988264	mozrunner::runner	INFO	Running command: "C:\\Program Files\\Mozilla Firefox\\firefox.exe" "--marionette" "--remote-debugging-port" "55804" "-no-remote" "-profile" "C:\\Users\\User\\AppData\\Local\\Temp\\rust_mozprofileXzRiFZ"
1639560988733	Marionette	INFO	Marionette enabled
console.warn: SearchSettings: "get: No settings file exists, new profile?" (new NotFoundError("Could not open the file at C:\\Users\\User\\AppData\\Local\\Temp\\rust_mozprofileXzRiFZ\\search.json.mozlz4", (void 0)))
DevTools listening on ws://localhost:55804/devtools/browser/932ffaf9-4c00-49ae-ab26-cc22fadbfb79
1639560994190	Marionette	INFO	Listening on port 55809
1639560994327	RemoteAgent	WARN	TLS certificate errors will be ignored for this session
1639561080731	Marionette	INFO	Stopped listening on port 55809
console.warn: TopSitesFeed: Failed to fetch data from Contile server: NetworkError when attempting to fetch resource.

###!!! [Child][MessageChannel] Error: (msgtype=0x590004,name=PHttpChannel::Msg_Cancel) Channel closing: too late to send/recv, messages will be lost


###!!! [Child][MessageChannel] Error: (msgtype=0x590008,name=PHttpChannel::Msg_DeletingChannel) Channel closing: too late to send/recv, messages will be lost

1639561083957	geckodriver	INFO	Listening on 127.0.0.1:55945
1639561085948	mozrunner::runner	INFO	Running command: "C:\\Program Files\\Mozilla Firefox\\firefox.exe" "--marionette" "--remote-debugging-port" "55946" "-no-remote" "-profile" "C:\\Users\\User\\AppData\\Local\\Temp\\rust_mozprofileU1CHQT"
1639561086358	Marionette	INFO	Marionette enabled
console.warn: SearchSettings: "get: No settings file exists, new profile?" (new NotFoundError("Could not open the file at C:\\Users\\User\\AppData\\Local\\Temp\\rust_mozprofileU1CHQT\\search.json.mozlz4", (void 0)))
DevTools listening on ws://localhost:55946/devtools/browser/b7020fb4-6440-4573-b4e2-9e1a6b5e4bec
1639561093731	Marionette	INFO	Listening on port 55951
1639561094212	RemoteAgent	WARN	TLS certificate errors will be ignored for this session
1639561145029	Marionette	INFO	Stopped listening on port 55951
console.warn: TopSitesFeed: Failed to fetch data from Contile server: NetworkError when attempting to fetch resource.
*** UTM:SVC TimerManager:registerTimer called after profile-before-change notification. Ignoring timer registration for id: telemetry_modules_ping
*** UTM:SVC TimerManager:registerTimer called after profile-before-change notification. Ignoring timer registration for id: telemetry_untrustedmodules_ping
\\AppData\\Local\\Temp\\rust_mozprofilexlkkAI\\search.json.mozlz4", (void 0)))
DevTools listening on ws://localhost:56056/devtools/browser/232ac7f9-a4b2-4aa7-b79e-ca84dd4e5719
1639561149033	Marionette	INFO	Listening on port 56061
1639561149421	RemoteAgent	WARN	TLS certificate errors will be ignored for this session
1639561162666	Marionette	INFO	Stopped listening on port 56061
console.warn: TopSitesFeed: Failed to fetch data from Contile server: NetworkError when attempting to fetch resource.
1639561166248	geckodriver	INFO	Listening on 127.0.0.1:56186
1639561168240	mozrunner::runner	INFO	Running command: "C:\\Program Files\\Mozilla Firefox\\firefox.exe" "--marionette" "--remote-debugging-port" "56187" "-no-remote" "-profile" "C:\\Users\\User\\AppData\\Local\\Temp\\rust_mozprofileMk0Dbu"
1639561168637	Marionette	INFO	Marionette enabled
console.warn: SearchSettings: "get: No settings file exists, new profile?" (new NotFoundError("Could not open the file at C:\\Users\\User\\AppData\\Local\\Temp\\rust_mozprofileMk0Dbu\\search.json.mozlz4", (void 0)))
DevTools listening on ws://localhost:56187/devtools/browser/993f1c93-3475-46c6-b98b-7476bab66efb
1639561175376	Marionette	INFO	Listening on port 56192
1639561175863	RemoteAgent	WARN	TLS certificate errors will be ignored for this session
console.log: WebExtensions: reset-default-search: starting.
console.log: WebExtensions: reset-default-search: No addons in our list are installed.
1639562396231	Marionette	INFO	Stopped listening on port 56192
console.warn: TopSitesFeed: Failed to fetch data from Contile server: NetworkError when attempting to fetch resource.
remote-debugging-port" "56762" "-no-remote" "-profile" "C:\\Users\\User\\AppData\\Local\\Temp\\rust_mozprofileuPdICn"
1639561996586	Marionette	INFO	Marionette enabled
console.warn: SearchSettings: "get: No settings file exists, new profile?" (new NotFoundError("Could not open the file at C:\\Users\\User\\AppData\\Local\\Temp\\rust_mozprofileuPdICn\\search.json.mozlz4", (void 0)))
DevTools listening on ws://localhost:56762/devtools/browser/ca2a4f9d-26bf-4e89-a65f-236409742952
1639562002009	Marionette	INFO	Listening on port 56767
1639562002211	RemoteAgent	WARN	TLS certificate errors will be ignored for this session
1639562083331	Marionette	INFO	Stopped listening on port 56767
console.warn: TopSitesFeed: Failed to fetch data from Contile server: NetworkError when attempting to fetch resource.
1639562089505	geckodriver	INFO	Listening on 127.0.0.1:56884
1639562091500	mozrunner::runner	INFO	Running command: "C:\\Program Files\\Mozilla Firefox\\firefox.exe" "--marionette" "--remote-debugging-port" "56885" "-no-remote" "-profile" "C:\\Users\\User\\AppData\\Local\\Temp\\rust_mozprofiledhqyt5"
1639562093259	Marionette	INFO	Marionette enabled
console.warn: SearchSettings: "get: No settings file exists, new profile?" (new NotFoundError("Could not open the file at C:\\Users\\User\\AppData\\Local\\Temp\\rust_mozprofiledhqyt5\\search.json.mozlz4", (void 0)))
DevTools listening on ws://localhost:56885/devtools/browser/164f389e-df68-4628-979c-8e833f2ac4a0
1639562098683	Marionette	INFO	Listening on port 56892
1639562099132	RemoteAgent	WARN	TLS certificate errors will be ignored for this session
console.error: "Could not find engine to update"
console.error: "Could not find engine to update"
console.error: "Could not find engine to update"
1639562392761	Marionette	INFO	Stopped listening on port 56892
console.warn: TopSitesFeed: Failed to fetch data from Contile server: NetworkError when attempting to fetch resource.
1639562408346	geckodriver	INFO	Listening on 127.0.0.1:57018
1639562410892	mozrunner::runner	INFO	Running command: "C:\\Program Files\\Mozilla Firefox\\firefox.exe" "--marionette" "--remote-debugging-port" "57019" "-no-remote" "-profile" "C:\\Users\\User\\AppData\\Local\\Temp\\rust_mozprofileFJaQAr"
1639562422163	Marionette	INFO	Marionette enabled
console.warn: SearchSettings: "get: No settings file exists, new profile?" (new NotFoundError("Could not open the file at C:\\Users\\User\\AppData\\Local\\Temp\\rust_mozprofileFJaQAr\\search.json.mozlz4", (void 0)))
console.error: Region.jsm: "Error fetching region" (new AbortError("The operation was aborted. ", (void 0), 770))
console.error: Region.jsm: "Failed to fetch region" (new Error("NO_RESULT", "resource://gre/modules/Region.jsm", 419))
DevTools listening on ws://localhost:57019/devtools/browser/8821e86e-e8c0-4050-9651-c2ab91011903
1639562437239	Marionette	INFO	Listening on port 57024
1639562437681	RemoteAgent	WARN	TLS certificate errors will be ignored for this session
console.log: WebExtensions: reset-default-search: starting.
console.log: WebExtensions: reset-default-search: No addons in our list are installed.
1639563740917	Marionette	INFO	Stopped listening on port 57024
console.warn: TopSitesFeed: Failed to fetch data from Contile server: NetworkError when attempting to fetch resource.
1639563953102	geckodriver	INFO	Listening on 127.0.0.1:60501
1639563955104	mozrunner::runner	INFO	Running command: "C:\\Program Files\\Mozilla Firefox\\firefox.exe" "--marionette" "--remote-debugging-port" "60502" "-no-remote" "-profile" "C:\\Users\\User\\AppData\\Local\\Temp\\rust_mozprofileriDr2R"
1639563957617	Marionette	INFO	Marionette enabled
console.warn: SearchSettings: "get: No settings file exists, new profile?" (new NotFoundError("Could not open the file at C:\\Users\\User\\AppData\\Local\\Temp\\rust_mozprofileriDr2R\\search.json.mozlz4", (void 0)))
DevTools listening on ws://localhost:60502/devtools/browser/bcb6ae00-5e4d-43aa-a78c-11207c7d99de
1639563965660	Marionette	INFO	Listening on port 60507
1639563966098	RemoteAgent	WARN	TLS certificate errors will be ignored for this session
1639564046682	Marionette	INFO	Stopped listening on port 60507
console.warn: TopSitesFeed: Failed to fetch data from Contile server: NetworkError when attempting to fetch resource.
[Parent 8068, IPC I/O Parent] WARNING: file /builds/worker/checkouts/gecko/ipc/chromium/src/base/process_util_win.cc:167

###!!! [Parent][RunMessage] Error: Channel closing: too late to send/recv, messages will be lost

sts, new profile?" (new NotFoundError("Could not open the file at C:\\Users\\User\\AppData\\Local\\Temp\\rust_mozprofilePgqvnk\\search.json.mozlz4", (void 0)))
DevTools listening on ws://localhost:60622/devtools/browser/07e564e3-361a-4821-ac21-0a8e49b3ab8a
1639564007508	Marionette	INFO	Listening on port 60629
1639564007987	RemoteAgent	WARN	TLS certificate errors will be ignored for this session
1639564055200	Marionette	INFO	Stopped listening on port 60629
